<?xml version="1.0" encoding="UTF-8"?>
<testsuite name="utils.StringUtilsTest" tests="3" skipped="0" failures="0" errors="0" timestamp="2023-03-15T18:26:26" hostname="DESKTOP-77NU2OS" time="0.166">
  <properties/>
  <testcase name="isPositiveNumberShouldThrowIllegalArgumentException()" classname="utils.StringUtilsTest" time="0.154"/>
  <testcase name="isPositiveNumberShouldThrowNullPointerException()" classname="utils.StringUtilsTest" time="0.003"/>
  <testcase name="isPositiveNumberShouldPass()" classname="utils.StringUtilsTest" time="0.007"/>
  <system-out><![CDATA[]]></system-out>
  <system-err><![CDATA[]]></system-err>
</testsuite>
