<?xml version="1.0" encoding="UTF-8"?>
<testsuite name="utils.StringUtilsTest" tests="3" skipped="0" failures="0" errors="0" timestamp="2023-03-15T17:00:20" hostname="DESKTOP-77NU2OS" time="0.064">
  <properties/>
  <testcase name="isPositiveNumberShouldThrowIllegalArgumentException()" classname="utils.StringUtilsTest" time="0.054"/>
  <testcase name="isPositiveNumberShouldThrowNullPointerException()" classname="utils.StringUtilsTest" time="0.002"/>
  <testcase name="isPositiveNumberShouldPass()" classname="utils.StringUtilsTest" time="0.003"/>
  <system-out><![CDATA[]]></system-out>
  <system-err><![CDATA[]]></system-err>
</testsuite>
